-------------------------------------------------------------------------------
Test set: ru.netology.stats.StatsService.StatsServiceTest
-------------------------------------------------------------------------------
Tests run: 6, Failures: 1, Errors: 0, Skipped: 0, Time elapsed: 0.319 s <<< FAILURE! - in ru.netology.stats.StatsService.StatsServiceTest
overAverageSum  Time elapsed: 0.179 s  <<< FAILURE!
org.opentest4j.AssertionFailedError: expected: <5.0> but was: <7.0>
	at ru.netology.stats.StatsService.StatsServiceTest.overAverageSum(StatsServiceTest.java:75)

