<?xml version="1.0" encoding="UTF-8"?>
<testsuite xmlns:xsi="http://www.w3.org/2001/XMLSchema-instance" xsi:noNamespaceSchemaLocation="https://maven.apache.org/surefire/maven-surefire-plugin/xsd/surefire-test-report.xsd" name="ru.netology.stats.StatsService.StatsServiceTest" time="0.319" tests="6" errors="0" skipped="0" failures="1">
  <properties>
[...]
</properties>
  <testcase name="minSales" classname="ru.netology.stats.StatsService.StatsServiceTest" time="0.037"/>
  <testcase name="overAverageSum" classname="ru.netology.stats.StatsService.StatsServiceTest" time="0.179">
    <failure message="expected: &lt;5.0&gt; but was: &lt;7.0&gt;" type="org.opentest4j.AssertionFailedError"><![CDATA[org.opentest4j.AssertionFailedError: expected: <5.0> but was: <7.0>
	at ru.netology.stats.StatsService.StatsServiceTest.overAverageSum(StatsServiceTest.java:75)
]]></failure>
  </testcase>
  <testcase name="totalSum" classname="ru.netology.stats.StatsService.StatsServiceTest" time="0"/>
  <testcase name="maxSales" classname="ru.netology.stats.StatsService.StatsServiceTest" time="0"/>
  <testcase name="averageSum" classname="ru.netology.stats.StatsService.StatsServiceTest" time="0"/>
  <testcase name="underAverageSum" classname="ru.netology.stats.StatsService.StatsServiceTest" time="0"/>
</testsuite>